==15806== Memcheck, a memory error detector
==15806== Copyright (C) 2002-2012, and GNU GPL'd, by Julian Seward et al.
==15806== Using Valgrind-3.8.1 and LibVEX; rerun with -h for copyright info
==15806== Command: ./a.out
==15806== Parent PID: 12975
==15806== 
--15806-- 
--15806-- Valgrind options:
--15806--    --tool=memcheck
--15806--    --leak-check=full
--15806--    --verbose
--15806--    --log-file=memcheck.log
--15806-- Contents of /proc/version:
--15806--   Linux version 2.6.32-504.23.4.el6.x86_64 (mockbuild@x86-029.build.eng.bos.redhat.com) (gcc version 4.4.7 20120313 (Red Hat 4.4.7-9) (GCC) ) #1 SMP Fri May 29 10:16:43 EDT 2015
--15806-- Arch and hwcaps: AMD64, amd64-sse3-cx16
--15806-- Page sizes: currently 4096, max supported 4096
--15806-- Valgrind library directory: /usr/lib64/valgrind
--15806-- Reading syms from /home/shay/a/yuan105/eceTesting/a.out
--15806-- Reading syms from /usr/lib64/valgrind/memcheck-amd64-linux
--15806--    object doesn't have a dynamic symbol table
--15806-- Reading syms from /lib64/ld-2.12.so
--15806--   Considering /usr/lib/debug/.build-id/5b/eb2450b75e84ff317c65f22af8b8112c25df63.debug ..
--15806--   .. build-id is valid
--15806-- Scheduler: using generic scheduler lock implementation.
--15806-- Reading suppressions file: /usr/lib64/valgrind/default.supp
==15806== embedded gdbserver: reading from /tmp/vgdb-pipe-from-vgdb-to-15806-by-yuan105-on-ecegrid-thin1.ecn.purdue.edu
==15806== embedded gdbserver: writing to   /tmp/vgdb-pipe-to-vgdb-from-15806-by-yuan105-on-ecegrid-thin1.ecn.purdue.edu
==15806== embedded gdbserver: shared mem   /tmp/vgdb-pipe-shared-mem-vgdb-15806-by-yuan105-on-ecegrid-thin1.ecn.purdue.edu
==15806== 
==15806== TO CONTROL THIS PROCESS USING vgdb (which you probably
==15806== don't want to do, unless you know exactly what you're doing,
==15806== or are doing some strange experiment):
==15806==   /usr/lib64/valgrind/../../bin/vgdb --pid=15806 ...command...
==15806== 
==15806== TO DEBUG THIS PROCESS USING GDB: start GDB like this
==15806==   /path/to/gdb ./a.out
==15806== and then give GDB the following command
==15806==   target remote | /usr/lib64/valgrind/../../bin/vgdb --pid=15806
==15806== --pid is optional if only one valgrind process is running
==15806== 
--15806-- REDIR: 0x3bde8176d0 (strlen) redirected to 0x38049551 (vgPlain_amd64_linux_REDIR_FOR_strlen)
--15806-- Reading syms from /usr/lib64/valgrind/vgpreload_core-amd64-linux.so
--15806-- Reading syms from /usr/lib64/valgrind/vgpreload_memcheck-amd64-linux.so
--15806-- REDIR: 0x3bde8174e0 (index) redirected to 0x4a07c30 (index)
--15806-- REDIR: 0x3bde817560 (strcmp) redirected to 0x4a08570 (strcmp)
--15806-- Reading syms from /lib64/libc-2.12.so
--15806--   Considering /usr/lib/debug/.build-id/c7/df056b7c109a41096296cd70702f2eada124b0.debug ..
--15806--   .. build-id is valid
--15806-- REDIR: 0x3bdec84cd0 (strcasecmp) redirected to 0x480155c (_vgnU_ifunc_wrapper)
--15806-- REDIR: 0x3bdec86f90 (strncasecmp) redirected to 0x480155c (_vgnU_ifunc_wrapper)
--15806-- REDIR: 0x3bdec82c40 (__GI_strrchr) redirected to 0x4a07ab0 (__GI_strrchr)
--15806-- REDIR: 0x3bdec7b520 (free) redirected to 0x4a063a9 (free)
==15806== 
==15806== HEAP SUMMARY:
==15806==     in use at exit: 0 bytes in 0 blocks
==15806==   total heap usage: 0 allocs, 0 frees, 0 bytes allocated
==15806== 
==15806== All heap blocks were freed -- no leaks are possible
==15806== 
==15806== ERROR SUMMARY: 0 errors from 0 contexts (suppressed: 6 from 6)
--15806-- 
--15806-- used_suppression:      4 U1004-ARM-_dl_relocate_object
--15806-- used_suppression:      2 glibc-2.5.x-on-SUSE-10.2-(PPC)-2a
==15806== 
==15806== ERROR SUMMARY: 0 errors from 0 contexts (suppressed: 6 from 6)
